2024-05-23 12:49:26,286 [INFO] attempting SCRAM-SHA-1 mechanism (using SCRAMHashInfo(hashfun_name='sha1', quality=1, minimum_iteration_count=4096) hashfun)
2024-05-23 12:49:26,299 [INFO] bound to jid: aasmanager001@worker4/6JC3ZT1g
2024-05-23 12:49:26,308 [INFO] Agent aasmanager001@worker4 connected and authenticated.
2024-05-23 12:49:34,824 [INFO] aasmanager001@worker4 setup finished correctly.
2024-05-23 12:49:40,452 [INFO] FSM running state BOOTING
2024-05-23 12:49:40,455 [ERROR] Exception running behaviour OneShotBehaviour/InitAASarchiveBehaviour: [Errno 2] No such file or directory: '/aas_archive/status/aas_manager.json'
2024-05-23 12:49:40,466 [ERROR] Traceback (most recent call last):
  File "C:\Python310\lib\site-packages\spade\behaviour.py", line 285, in _step
    await self._run()
  File "C:\Python310\lib\site-packages\spade\behaviour.py", line 274, in _run
    await self.run()
  File "C:\Users\839073\OneDrive - UPV EHU\Tesis doctoral\TesisEkaitzHurtado\CodeRepositories\Component_I4_0\src\AAS_Manager\src\behaviours\InitAASarchiveBehaviour.py", line 29, in run
    AAS_Archive_utils.create_status_file()
  File "C:\Users\839073\OneDrive - UPV EHU\Tesis doctoral\TesisEkaitzHurtado\CodeRepositories\Component_I4_0\src\AAS_Manager\src\utilities\AAS_Archive_utils.py", line 17, in create_status_file
    with (open(AASarchiveInfo.MANAGER_STATUS_FILE_PATH, 'x') as status_file):
FileNotFoundError: [Errno 2] No such file or directory: '/aas_archive/status/aas_manager.json'

2024-05-23 12:49:40,466 [INFO] Killing behavior OneShotBehaviour/InitAASarchiveBehaviour with exit code: [Errno 2] No such file or directory: '/aas_archive/status/aas_manager.json'
2024-05-23 12:49:40,466 [INFO] Killing behavior OneShotBehaviour/InitAASarchiveBehaviour with exit code: None
2024-05-23 12:49:40,468 [INFO] Killing behavior OneShotBehaviour/InitSubmodelsBehaviour with exit code: None
2024-05-23 12:49:40,468 [ERROR] FSM could not transitate to state RUNNING. That transition is not registered.
2024-05-23 12:49:40,469 [INFO] Killing behavior FSMBehaviour/AASFSMBehaviour with exit code: 
2024-05-23 12:49:40,470 [INFO] Killing behavior FSMBehaviour/AASFSMBehaviour with exit code: None
2024-05-23 12:49:40,470 [INFO] client shutting down (on request)
2024-05-23 12:49:40,472 [INFO] stopping stream
2024-05-23 12:49:40,473 [INFO] Client disconnected.
2024-05-23 12:49:40,473 [INFO] Killing behavior FSMBehaviour/AASFSMBehaviour with exit code: None
2024-05-23 12:49:41,458 [INFO] Stopping agent aasmanager001@worker4
2024-05-23 12:53:14,802 [MainThread] [INFO] attempting SCRAM-SHA-1 mechanism (using SCRAMHashInfo(hashfun_name='sha1', quality=1, minimum_iteration_count=4096) hashfun)
2024-05-23 12:53:14,811 [MainThread] [INFO] bound to jid: aasmanager001@worker4/V0W4HwKa
2024-05-23 12:53:14,829 [MainThread] [INFO] Agent aasmanager001@worker4 connected and authenticated.
2024-05-23 12:53:28,811 [MainThread] [INFO] aasmanager001@worker4 setup finished correctly.
2024-05-23 12:53:32,629 [MainThread] [WARNING] Keyboard interrupt received. Stopping SPADE...
2024-05-23 12:53:32,633 [MainThread] [INFO] client shutting down (on request)
2024-05-23 12:53:32,633 [MainThread] [INFO] stopping stream
2024-05-23 12:54:18,922 [aiosasl.scram] [INFO] attempting SCRAM-SHA-1 mechanism (using SCRAMHashInfo(hashfun_name='sha1', quality=1, minimum_iteration_count=4096) hashfun)
2024-05-23 12:54:18,938 [aasmanager001] [INFO] bound to jid: aasmanager001@worker4/o5IsCSOk
2024-05-23 12:54:18,946 [spade.Agent] [INFO] Agent aasmanager001@worker4 connected and authenticated.
2024-05-23 12:54:24,466 [agents.AASManagerAgent] [INFO] aasmanager001@worker4 setup finished correctly.
2024-05-23 12:54:30,440 [SPADE] [WARNING] Keyboard interrupt received. Stopping SPADE...
2024-05-23 12:54:30,444 [aasmanager001] [INFO] client shutting down (on request)
2024-05-23 12:54:30,444 [aasmanager001] [INFO] stopping stream
[33;20m2024-05-23 12:59:24,999 [aiosasl.scram] [INFO] attempting SCRAM-SHA-1 mechanism (using SCRAMHashInfo(hashfun_name='sha1', quality=1, minimum_iteration_count=4096) hashfun)
[33;20m2024-05-23 12:59:25,017 [aasmanager001] [INFO] bound to jid: aasmanager001@worker4/1V74MXbu
[33;20m2024-05-23 12:59:25,026 [spade.Agent] [INFO] Agent aasmanager001@worker4 connected and authenticated.
[33;20m2024-05-23 12:59:33,991 [SPADE] [WARNING] Keyboard interrupt received. Stopping SPADE...
[33;20m2024-05-23 12:59:33,991 [aasmanager001] [INFO] client shutting down (on request)
[33;20m2024-05-23 12:59:33,992 [aasmanager001] [INFO] stopping stream
2024-05-23 13:03:20,008 [aiosasl.scram] [INFO] attempting SCRAM-SHA-1 mechanism (using SCRAMHashInfo(hashfun_name='sha1', quality=1, minimum_iteration_count=4096) hashfun)
2024-05-23 13:03:20,020 [aasmanager001] [INFO] bound to jid: aasmanager001@worker4/1sJPqkpj
2024-05-23 13:03:20,032 [spade.Agent] [INFO] Agent aasmanager001@worker4 connected and authenticated.
2024-05-23 13:03:48,678 [SPADE] [WARNING] Keyboard interrupt received. Stopping SPADE...
2024-05-23 13:03:48,680 [aasmanager001] [INFO] client shutting down (on request)
2024-05-23 13:03:48,680 [aasmanager001] [INFO] stopping stream
2024-05-23 13:03:57,692 [aiosasl.scram] [INFO] attempting SCRAM-SHA-1 mechanism (using SCRAMHashInfo(hashfun_name='sha1', quality=1, minimum_iteration_count=4096) hashfun)
2024-05-23 13:03:57,709 [aasmanager001] [INFO] bound to jid: aasmanager001@worker4/pKNgt4I1
2024-05-23 13:03:57,719 [spade.Agent] [INFO] Agent aasmanager001@worker4 connected and authenticated.
2024-05-23 13:04:02,613 [agents.AASManagerAgent] [INFO] aasmanager001@worker4 setup finished correctly.
2024-05-23 13:04:05,020 [SPADE] [WARNING] Keyboard interrupt received. Stopping SPADE...
2024-05-23 13:04:05,021 [aasmanager001] [INFO] client shutting down (on request)
2024-05-23 13:04:05,022 [aasmanager001] [INFO] stopping stream
2024-05-23 13:04:47,590 [aiosasl.scram] [INFO] attempting SCRAM-SHA-1 mechanism (using SCRAMHashInfo(hashfun_name='sha1', quality=1, minimum_iteration_count=4096) hashfun)
2024-05-23 13:04:47,608 [aasmanager001] [INFO] bound to jid: aasmanager001@worker4/3ROSTP7C
2024-05-23 13:04:47,617 [spade.Agent] [INFO] Agent aasmanager001@worker4 connected and authenticated.
2024-05-23 13:04:51,063 [agents.AASManagerAgent] [INFO] aasmanager001@worker4 setup finished correctly.
2024-05-23 13:04:53,022 [agents.AASManagerAgent] [WARNING] aasmanager001@worker4 setup finished with warning.
2024-05-23 13:04:55,121 [agents.AASManagerAgent] [ERROR] aasmanager001@worker4 setup finished with error.
2024-05-23 13:04:58,712 [SPADE] [WARNING] Keyboard interrupt received. Stopping SPADE...
2024-05-23 13:04:58,712 [aasmanager001] [INFO] client shutting down (on request)
2024-05-23 13:04:58,712 [aasmanager001] [INFO] stopping stream
2024-05-23 13:06:51,818 [aiosasl.scram] [INFO] attempting SCRAM-SHA-1 mechanism (using SCRAMHashInfo(hashfun_name='sha1', quality=1, minimum_iteration_count=4096) hashfun)
2024-05-23 13:06:51,833 [aasmanager001] [INFO] bound to jid: aasmanager001@worker4/3QXIEyRm
2024-05-23 13:06:51,842 [spade.Agent] [INFO] Agent aasmanager001@worker4 connected and authenticated.
2024-05-23 13:06:54,218 [agents.AASManagerAgent] [INFO] aasmanager001@worker4 setup finished correctly.
2024-05-23 13:06:54,999 [agents.AASManagerAgent] [WARNING] aasmanager001@worker4 setup finished with warning.
2024-05-23 13:06:55,448 [agents.AASManagerAgent] [ERROR] aasmanager001@worker4 setup finished with error.
2024-05-23 13:06:59,311 [SPADE] [WARNING] Keyboard interrupt received. Stopping SPADE...
2024-05-23 13:06:59,311 [aasmanager001] [INFO] client shutting down (on request)
2024-05-23 13:06:59,314 [aasmanager001] [INFO] stopping stream
2024-05-23 13:11:07,381 [aiosasl.scram] [INFO] attempting SCRAM-SHA-1 mechanism (using SCRAMHashInfo(hashfun_name='sha1', quality=1, minimum_iteration_count=4096) hashfun)
2024-05-23 13:11:07,392 [aasmanager001] [INFO] bound to jid: aasmanager001@worker4/uu5vdEfC
2024-05-23 13:11:07,403 [spade.Agent] [INFO] Agent aasmanager001@worker4 connected and authenticated.
2024-05-23 13:11:10,679 [agents.AASManagerAgent] [INFO] aasmanager001@worker4 setup finished correctly.
2024-05-23 13:11:11,526 [SPADE] [ERROR] Exception in the event loop: '>=' not supported between instances of 'int' and 'str'
2024-05-23 13:11:11,526 [aasmanager001] [INFO] client shutting down (on request)
2024-05-23 13:11:11,526 [aasmanager001] [INFO] stopping stream
2024-05-23 13:11:59,739 [aiosasl.scram] [INFO] attempting SCRAM-SHA-1 mechanism (using SCRAMHashInfo(hashfun_name='sha1', quality=1, minimum_iteration_count=4096) hashfun)
2024-05-23 13:11:59,759 [aasmanager001] [INFO] bound to jid: aasmanager001@worker4/XfrE-Dan
2024-05-23 13:11:59,769 [spade.Agent] [INFO] Agent aasmanager001@worker4 connected and authenticated.
2024-05-23 13:12:02,834 [agents.AASManagerAgent] [INFO] aasmanager001@worker4 setup finished correctly.
2024-05-23 13:12:03,269 [SPADE] [ERROR] Exception in the event loop: '>=' not supported between instances of 'int' and 'Formatter'
2024-05-23 13:12:03,269 [aasmanager001] [INFO] client shutting down (on request)
2024-05-23 13:12:03,269 [aasmanager001] [INFO] stopping stream
2024-05-23 13:16:28,944 [aiosasl.scram] [INFO] attempting SCRAM-SHA-1 mechanism (using SCRAMHashInfo(hashfun_name='sha1', quality=1, minimum_iteration_count=4096) hashfun)
2024-05-23 13:16:28,954 [aasmanager001] [INFO] bound to jid: aasmanager001@worker4/0w1kKI0p
2024-05-23 13:16:28,964 [spade.Agent] [INFO] Agent aasmanager001@worker4 connected and authenticated.
2024-05-23 13:16:32,403 [SPADE] [WARNING] Keyboard interrupt received. Stopping SPADE...
2024-05-23 13:16:32,403 [aasmanager001] [INFO] client shutting down (on request)
2024-05-23 13:16:32,413 [aasmanager001] [INFO] stopping stream
2024-05-23 13:18:18,213 [SPADE] [WARNING] Keyboard interrupt received. Stopping SPADE...
2024-05-23 13:21:21,242 [agents.AASManagerAgent] [WARNING] aasmanager001@worker4 setup finished with warning.
2024-05-23 13:21:21,959 [agents.AASManagerAgent] [ERROR] aasmanager001@worker4 setup finished with error.
2024-05-23 13:21:22,406 [spam_application] [ERROR] aasmanager001@worker4 setup finished with error.
2024-05-23 13:21:31,391 [SPADE] [WARNING] Keyboard interrupt received. Stopping SPADE...
2024-05-23 13:24:03,398 [agents.AASManagerAgent] [WARNING] aasmanager001@worker4 setup finished with warning.
2024-05-23 13:24:08,993 [agents.AASManagerAgent] [ERROR] aasmanager001@worker4 setup finished with error.
2024-05-23 13:24:14,302 [SPADE] [WARNING] Keyboard interrupt received. Stopping SPADE...
2024-05-23 13:25:31,408 [agents.AASManagerAgent] [WARNING] aasmanager001@worker4 setup finished with warning.
2024-05-23 13:25:37,484 [agents.AASManagerAgent] [ERROR] aasmanager001@worker4 setup finished with error.
2024-05-23 13:25:47,325 [spam_application] [ERROR] aasmanager001@worker4 setup finished with error.
2024-05-23 13:25:56,852 [SPADE] [WARNING] Keyboard interrupt received. Stopping SPADE...
2024-05-23 13:26:48,972 [agents.AASManagerAgent] [WARNING] aasmanager001@worker4 setup finished with warning.
2024-05-23 13:26:57,511 [SPADE] [WARNING] Keyboard interrupt received. Stopping SPADE...
2024-05-23 13:27:18,700 [agents.AASManagerAgent] [WARNING] aasmanager001@worker4 setup finished with warning.
2024-05-23 13:27:22,985 [SPADE] [WARNING] Keyboard interrupt received. Stopping SPADE...
WARNING:agents.AASManagerAgent:aasmanager001@worker4 setup finished with warning.
ERROR:agents.AASManagerAgent:aasmanager001@worker4 setup finished with error.
WARNING:SPADE:Keyboard interrupt received. Stopping SPADE...
WARNING:agents.AASManagerAgent:aasmanager001@worker4 setup finished with warning.
WARNING:SPADE:Keyboard interrupt received. Stopping SPADE...
WARNING:agents.AASManagerAgent:aasmanager001@worker4 setup finished with warning.
WARNING:SPADE:Keyboard interrupt received. Stopping SPADE...
WARNING:agents.AASManagerAgent:aasmanager001@worker4 setup finished with warning.
WARNING:root:aasmanager001@worker4 setup finished with warning.
WARNING:SPADE:Keyboard interrupt received. Stopping SPADE...
WARNING:agents.AASManagerAgent:aasmanager001@worker4 setup finished with warning.
WARNING:SPADE:Keyboard interrupt received. Stopping SPADE...
WARNING:agents.AASManagerAgent:aasmanager001@worker4 setup finished with warning.
ERROR:agents.AASManagerAgent:aasmanager001@worker4 setup finished with error.
WARNING:SPADE:Keyboard interrupt received. Stopping SPADE...
[38;20m2024-05-23 13:48:45,246 [aiosasl.scram] [INFO] attempting SCRAM-SHA-1 mechanism (using SCRAMHashInfo(hashfun_name='sha1', quality=1, minimum_iteration_count=4096) hashfun)
[38;20m2024-05-23 13:48:45,262 [aasmanager001] [INFO] bound to jid: aasmanager001@worker4/hjSHG7f0
[38;20m2024-05-23 13:48:45,270 [spade.Agent] [INFO] Agent aasmanager001@worker4 connected and authenticated.
[38;20m2024-05-23 13:48:46,996 [agents.AASManagerAgent] [INFO] aasmanager001@worker4 setup finished correctly.
[38;20m2024-05-23 13:48:47,555 [agents.AASManagerAgent] [WARNING] aasmanager001@worker4 setup finished with warning.
[38;20m2024-05-23 13:48:48,183 [agents.AASManagerAgent] [ERROR] aasmanager001@worker4 setup finished with error.
[38;20m2024-05-23 13:48:51,210 [SPADE] [WARNING] Keyboard interrupt received. Stopping SPADE...
[38;20m2024-05-23 13:48:51,214 [aasmanager001] [INFO] client shutting down (on request)
[38;20m2024-05-23 13:48:51,214 [aasmanager001] [INFO] stopping stream
[38;20m2024-05-23 13:49:16,239 [asyncio] [DEBUG] Using selector: SelectSelector[0m
[38;20m2024-05-23 13:49:16,411 [aioxmpp.node] [DEBUG] no SRV records found for worker4, falling back[0m
[38;20m2024-05-23 13:49:16,411 [aioxmpp.node] [DEBUG] domain worker4: trying to connect to 'worker4':5222 using <aioxmpp.connector.STARTTLSConnector object at 0x00000271D8989AB0>[0m
[38;20m2024-05-23 13:49:16,411 [aioxmpp.callbacks] [DEBUG] connecting <bound method XMLStream._deadtime_hard_limit_triggered of <aioxmpp.protocol.XMLStream object at 0x00000271D8989F60>> with mode <bound method AdHocSignal.STRONG of <class 'aioxmpp.callbacks.AdHocSignal'>>[0m
[38;20m2024-05-23 13:49:16,411 [aioxmpp.callbacks] [DEBUG] connecting <aioxmpp.callbacks.AdHocSignal object at 0x00000271D898A3E0> with mode <bound method AdHocSignal.STRONG of <class 'aioxmpp.callbacks.AdHocSignal'>>[0m
[38;20m2024-05-23 13:49:16,429 [aioxmpp.node.XMLStream] [DEBUG] SENT b'<?xml version="1.0"?><stream:stream xmlns="jabber:client" xmlns:stream="http://etherx.jabber.org/streams" to="worker4" version="1.0">'[0m
[38;20m2024-05-23 13:49:16,429 [aioopenssl.trace.fd=668] [DEBUG] _write_ready: nothing more to write, removing writer[0m
[38;20m2024-05-23 13:49:16,429 [aioxmpp.node.XMLStream] [DEBUG] RECV b"<?xml version='1.0'?><stream:stream xmlns:stream='http://etherx.jabber.org/streams' xml:lang='en' id='56d5b9c8-016c-46f5-8410-08a28231e4c5' xmlns='jabber:client' version='1.0' from='worker4'><stream:features><starttls xmlns='urn:ietf:params:xml:ns:xmpp-tls'><required/></starttls></stream:features>"[0m
[38;20m2024-05-23 13:49:16,429 [aioxmpp.node.XMLStream] [DEBUG] SENT b'<starttls xmlns="urn:ietf:params:xml:ns:xmpp-tls"/>'[0m
[38;20m2024-05-23 13:49:16,429 [aioopenssl.trace.fd=668] [DEBUG] _write_ready: nothing more to write, removing writer[0m
[38;20m2024-05-23 13:49:16,438 [aioxmpp.node.XMLStream] [DEBUG] RECV b"<proceed xmlns='urn:ietf:params:xml:ns:xmpp-tls'/>"[0m
[38;20m2024-05-23 13:49:16,438 [aioopenssl.trace.fd=668] [DEBUG] _initiate_tls called[0m
[38;20m2024-05-23 13:49:16,438 [aioopenssl.trace.fd=668] [DEBUG] _tls_do_handshake called[0m
[38;20m2024-05-23 13:49:16,438 [aioopenssl.trace.fd=668] [DEBUG] registering reader for _tls_do_handshake[0m
[38;20m2024-05-23 13:49:16,438 [aioopenssl.trace.fd=668] [DEBUG] _tls_do_handshake called[0m
[38;20m2024-05-23 13:49:16,447 [aioopenssl.trace.fd=668] [DEBUG] clearing readers/writers[0m
[38;20m2024-05-23 13:49:16,447 [aioopenssl.trace.fd=668] [DEBUG] handshake complete[0m
[38;20m2024-05-23 13:49:16,447 [aioopenssl.trace.fd=668] [DEBUG] post handshake scheduled via callback[0m
[38;20m2024-05-23 13:49:16,447 [aioopenssl.trace.fd=668] [DEBUG] _tls_post_handshake called[0m
[38;20m2024-05-23 13:49:16,447 [aioopenssl.trace.fd=668] [DEBUG] _waiter future done (<Future finished result=None>)[0m
[38;20m2024-05-23 13:49:16,447 [aioxmpp.node.XMLStream] [DEBUG] SENT b''[0m
[38;20m2024-05-23 13:49:16,447 [aioxmpp.node.XMLStream] [DEBUG] SENT b''[0m
[38;20m2024-05-23 13:49:16,447 [aioxmpp.node.XMLStream] [DEBUG] SENT b'<?xml version="1.0"?><stream:stream xmlns="jabber:client" xmlns:stream="http://etherx.jabber.org/streams" to="worker4" version="1.0">'[0m
[38;20m2024-05-23 13:49:16,447 [aioopenssl.trace.fd=668] [DEBUG] _write_ready: nothing more to write, removing writer[0m
[38;20m2024-05-23 13:49:16,496 [aioxmpp.node.XMLStream] [DEBUG] RECV b"<?xml version='1.0'?><stream:stream xmlns:stream='http://etherx.jabber.org/streams' xml:lang='en' id='4bee8ca9-1039-4054-bdd9-5f45e7837d2e' xmlns='jabber:client' version='1.0' from='worker4'><stream:features><register xmlns='http://jabber.org/features/iq-register'/><mechanisms xmlns='urn:ietf:params:xml:ns:xmpp-sasl'><mechanism>SCRAM-SHA-1</mechanism><mechanism>PLAIN</mechanism><mechanism>SCRAM-SHA-1-PLUS</mechanism></mechanisms></stream:features>"[0m
[38;20m2024-05-23 13:49:16,496 [aioxmpp.node] [DEBUG] domain worker4: connection succeeded using <aioxmpp.connector.STARTTLSConnector object at 0x00000271D8989AB0>[0m
[38;20m2024-05-23 13:49:16,496 [aioxmpp.node.XMLStream] [DEBUG] SENT b'<iq to="worker4" id=":Msc_seO8Ip1wp_gCqNJn" type="set"><query xmlns="jabber:iq:register"><username>aasmanager001</username><password>123</password></query></iq>'[0m
[38;20m2024-05-23 13:49:16,496 [aioopenssl.trace.fd=668] [DEBUG] _write_ready: nothing more to write, removing writer[0m
[38;20m2024-05-23 13:49:16,496 [aioxmpp.node.XMLStream] [DEBUG] RECV b"<iq type='error' id=':Msc_seO8Ip1wp_gCqNJn' from='worker4'><error type='cancel'><conflict xmlns='urn:ietf:params:xml:ns:xmpp-stanzas'/><text xmlns='urn:ietf:params:xml:ns:xmpp-stanzas'>The requested username already exists.</text></error></iq>"[0m
[38;20m2024-05-23 13:49:16,505 [aioxmpp.callbacks] [DEBUG] connecting <bound method SimpleMessageDispatcher._feed of <aioxmpp.dispatcher.SimpleMessageDispatcher object at 0x00000271D8A24550>> with mode <bound method AdHocSignal.STRONG of <class 'aioxmpp.callbacks.AdHocSignal'>>[0m
[38;20m2024-05-23 13:49:16,505 [aioxmpp.callbacks] [DEBUG] connecting <bound method SimplePresenceDispatcher._feed of <aioxmpp.dispatcher.SimplePresenceDispatcher object at 0x00000271D8A24580>> with mode <bound method AdHocSignal.STRONG of <class 'aioxmpp.callbacks.AdHocSignal'>>[0m
[38;20m2024-05-23 13:49:16,505 [aioxmpp.callbacks] [DEBUG] connecting <bound method PresenceServer._before_stream_established of <aioxmpp.presence.service.PresenceServer object at 0x00000271D8A24640>>[0m
[38;20m2024-05-23 13:49:16,505 [aioxmpp.callbacks] [DEBUG] connecting <bound method PresenceManagedClient._update_presence of <aioxmpp.node.PresenceManagedClient object at 0x00000271D898B9A0>> with mode <bound method AdHocSignal.STRONG of <class 'aioxmpp.callbacks.AdHocSignal'>>[0m
[38;20m2024-05-23 13:49:16,505 [aasmanager001.on_stream_established] [DEBUG] connecting <bound method PresenceManagedClient._handle_stream_established of <aioxmpp.node.PresenceManagedClient object at 0x00000271D898B9A0>> with mode <bound method AdHocSignal.STRONG of <class 'aioxmpp.callbacks.AdHocSignal'>>[0m
[38;20m2024-05-23 13:49:16,505 [aasmanager001.StanzaStream] [DEBUG] iq request coroutine registered: type=<IQType.SET: 'set'>, payload=<class 'aioxmpp.roster.xso.Query'>[0m
[38;20m2024-05-23 13:49:16,505 [aioxmpp.callbacks] [DEBUG] connecting <bound method RosterClient._request_initial_roster of <aioxmpp.roster.service.RosterClient object at 0x00000271D8A24B20>>[0m
[38;20m2024-05-23 13:49:16,505 [aioxmpp.callbacks] [DEBUG] connecting <bound method PresenceManager._on_bare_available of <spade.presence.PresenceManager object at 0x00000271D898BB20>> with mode <bound method AdHocSignal.STRONG of <class 'aioxmpp.callbacks.AdHocSignal'>>[0m
[38;20m2024-05-23 13:49:16,505 [aioxmpp.callbacks] [DEBUG] connecting <bound method PresenceManager._on_available of <spade.presence.PresenceManager object at 0x00000271D898BB20>> with mode <bound method AdHocSignal.STRONG of <class 'aioxmpp.callbacks.AdHocSignal'>>[0m
[38;20m2024-05-23 13:49:16,505 [aioxmpp.callbacks] [DEBUG] connecting <bound method PresenceManager._on_bare_unavailable of <spade.presence.PresenceManager object at 0x00000271D898BB20>> with mode <bound method AdHocSignal.STRONG of <class 'aioxmpp.callbacks.AdHocSignal'>>[0m
[38;20m2024-05-23 13:49:16,505 [aioxmpp.callbacks] [DEBUG] connecting <bound method PresenceManager._on_unavailable of <spade.presence.PresenceManager object at 0x00000271D898BB20>> with mode <bound method AdHocSignal.STRONG of <class 'aioxmpp.callbacks.AdHocSignal'>>[0m
[38;20m2024-05-23 13:49:16,505 [aioxmpp.callbacks] [DEBUG] connecting <bound method PresenceManager._on_changed of <spade.presence.PresenceManager object at 0x00000271D898BB20>> with mode <bound method AdHocSignal.STRONG of <class 'aioxmpp.callbacks.AdHocSignal'>>[0m
[38;20m2024-05-23 13:49:16,505 [aioxmpp.callbacks] [DEBUG] connecting <bound method PresenceManager._on_subscribe of <spade.presence.PresenceManager object at 0x00000271D898BB20>> with mode <bound method AdHocSignal.STRONG of <class 'aioxmpp.callbacks.AdHocSignal'>>[0m
[38;20m2024-05-23 13:49:16,505 [aioxmpp.callbacks] [DEBUG] connecting <bound method PresenceManager._on_subscribed of <spade.presence.PresenceManager object at 0x00000271D898BB20>> with mode <bound method AdHocSignal.STRONG of <class 'aioxmpp.callbacks.AdHocSignal'>>[0m
[38;20m2024-05-23 13:49:16,505 [aioxmpp.callbacks] [DEBUG] connecting <bound method PresenceManager._on_unsubscribe of <spade.presence.PresenceManager object at 0x00000271D898BB20>> with mode <bound method AdHocSignal.STRONG of <class 'aioxmpp.callbacks.AdHocSignal'>>[0m
[38;20m2024-05-23 13:49:16,505 [aioxmpp.callbacks] [DEBUG] connecting <bound method PresenceManager._on_unsubscribed of <spade.presence.PresenceManager object at 0x00000271D898BB20>> with mode <bound method AdHocSignal.STRONG of <class 'aioxmpp.callbacks.AdHocSignal'>>[0m
[38;20m2024-05-23 13:49:16,505 [aasmanager001.on_stream_established] [DEBUG] connecting <Future pending> with mode <bound method AdHocSignal.AUTO_FUTURE of <class 'aioxmpp.callbacks.AdHocSignal'>>[0m
[38;20m2024-05-23 13:49:16,505 [aasmanager001.on_failure] [DEBUG] connecting <Future pending> with mode <bound method AdHocSignal.AUTO_FUTURE of <class 'aioxmpp.callbacks.AdHocSignal'>>[0m
[38;20m2024-05-23 13:49:16,505 [aioxmpp.callbacks] [DEBUG] connecting <bound method Client._stream_failure of <aioxmpp.node.PresenceManagedClient object at 0x00000271D898B9A0>> with mode <bound method AdHocSignal.STRONG of <class 'aioxmpp.callbacks.AdHocSignal'>>[0m
[38;20m2024-05-23 13:49:16,505 [aioxmpp.callbacks] [DEBUG] connecting <bound method Client._stream_destroyed of <aioxmpp.node.PresenceManagedClient object at 0x00000271D898B9A0>> with mode <bound method AdHocSignal.STRONG of <class 'aioxmpp.callbacks.AdHocSignal'>>[0m
[38;20m2024-05-23 13:49:16,523 [aasmanager001] [DEBUG] no SRV records found for worker4, falling back[0m
[38;20m2024-05-23 13:49:16,523 [aasmanager001] [DEBUG] domain worker4: trying to connect to 'worker4':5222 using <aioxmpp.connector.STARTTLSConnector object at 0x00000271D8A26200>[0m
[38;20m2024-05-23 13:49:16,523 [aioxmpp.callbacks] [DEBUG] connecting <bound method XMLStream._deadtime_hard_limit_triggered of <aioxmpp.protocol.XMLStream object at 0x00000271D8A267A0>> with mode <bound method AdHocSignal.STRONG of <class 'aioxmpp.callbacks.AdHocSignal'>>[0m
[38;20m2024-05-23 13:49:16,523 [aioxmpp.callbacks] [DEBUG] connecting <aioxmpp.callbacks.AdHocSignal object at 0x00000271D8A26B60> with mode <bound method AdHocSignal.STRONG of <class 'aioxmpp.callbacks.AdHocSignal'>>[0m
[38;20m2024-05-23 13:49:16,523 [aasmanager001.XMLStream] [DEBUG] SENT b'<?xml version="1.0"?><stream:stream xmlns="jabber:client" xmlns:stream="http://etherx.jabber.org/streams" to="worker4" version="1.0">'[0m
[38;20m2024-05-23 13:49:16,523 [aioopenssl.trace.fd=632] [DEBUG] _write_ready: nothing more to write, removing writer[0m
[38;20m2024-05-23 13:49:16,523 [aasmanager001.XMLStream] [DEBUG] RECV b"<?xml version='1.0'?><stream:stream xmlns:stream='http://etherx.jabber.org/streams' xml:lang='en' id='b2052dd8-18cc-4080-8711-6a52b6e0647f' xmlns='jabber:client' version='1.0' from='worker4'><stream:features><starttls xmlns='urn:ietf:params:xml:ns:xmpp-tls'><required/></starttls></stream:features>"[0m
[38;20m2024-05-23 13:49:16,523 [aasmanager001.XMLStream] [DEBUG] SENT b'<starttls xmlns="urn:ietf:params:xml:ns:xmpp-tls"/>'[0m
[38;20m2024-05-23 13:49:16,523 [aioopenssl.trace.fd=632] [DEBUG] _write_ready: nothing more to write, removing writer[0m
[38;20m2024-05-23 13:49:16,523 [aasmanager001.XMLStream] [DEBUG] RECV b"<proceed xmlns='urn:ietf:params:xml:ns:xmpp-tls'/>"[0m
[38;20m2024-05-23 13:49:16,532 [aioopenssl.trace.fd=632] [DEBUG] _initiate_tls called[0m
[38;20m2024-05-23 13:49:16,532 [aioopenssl.trace.fd=632] [DEBUG] _tls_do_handshake called[0m
[38;20m2024-05-23 13:49:16,532 [aioopenssl.trace.fd=632] [DEBUG] registering reader for _tls_do_handshake[0m
[38;20m2024-05-23 13:49:16,532 [aioopenssl.trace.fd=632] [DEBUG] _tls_do_handshake called[0m
[38;20m2024-05-23 13:49:16,532 [aioopenssl.trace.fd=632] [DEBUG] clearing readers/writers[0m
[38;20m2024-05-23 13:49:16,532 [aioopenssl.trace.fd=632] [DEBUG] handshake complete[0m
[38;20m2024-05-23 13:49:16,532 [aioopenssl.trace.fd=632] [DEBUG] post handshake scheduled via callback[0m
[38;20m2024-05-23 13:49:16,532 [aioopenssl.trace.fd=632] [DEBUG] _tls_post_handshake called[0m
[38;20m2024-05-23 13:49:16,532 [aioopenssl.trace.fd=632] [DEBUG] _waiter future done (<Future finished result=None>)[0m
[38;20m2024-05-23 13:49:16,532 [aasmanager001.XMLStream] [DEBUG] SENT b''[0m
[38;20m2024-05-23 13:49:16,532 [aasmanager001.XMLStream] [DEBUG] SENT b''[0m
[38;20m2024-05-23 13:49:16,541 [aasmanager001.XMLStream] [DEBUG] SENT b'<?xml version="1.0"?><stream:stream xmlns="jabber:client" xmlns:stream="http://etherx.jabber.org/streams" to="worker4" version="1.0">'[0m
[38;20m2024-05-23 13:49:16,541 [aioopenssl.trace.fd=632] [DEBUG] _write_ready: nothing more to write, removing writer[0m
[38;20m2024-05-23 13:49:16,586 [aasmanager001.XMLStream] [DEBUG] RECV b"<?xml version='1.0'?><stream:stream xmlns:stream='http://etherx.jabber.org/streams' xml:lang='en' id='12fdf7b0-da7b-4caa-9f80-d9d5e25ce67f' xmlns='jabber:client' version='1.0' from='worker4'><stream:features><register xmlns='http://jabber.org/features/iq-register'/><mechanisms xmlns='urn:ietf:params:xml:ns:xmpp-sasl'><mechanism>SCRAM-SHA-1</mechanism><mechanism>PLAIN</mechanism><mechanism>SCRAM-SHA-1-PLUS</mechanism></mechanisms></stream:features>"[0m
[38;20m2024-05-23 13:49:16,586 [aasmanager001] [DEBUG] domain worker4: connection succeeded using <aioxmpp.connector.STARTTLSConnector object at 0x00000271D8A26200>[0m
[38;20m2024-05-23 13:49:16,586 [aiosasl.scram] [INFO] attempting SCRAM-SHA-1 mechanism (using SCRAMHashInfo(hashfun_name='sha1', quality=1, minimum_iteration_count=4096) hashfun)[0m
[38;20m2024-05-23 13:49:16,586 [aasmanager001.XMLStream] [DEBUG] SENT b'<!-- some bytes omitted -->'[0m
[38;20m2024-05-23 13:49:16,586 [aioopenssl.trace.fd=632] [DEBUG] _write_ready: nothing more to write, removing writer[0m
[38;20m2024-05-23 13:49:16,586 [aasmanager001.XMLStream] [DEBUG] RECV b"<challenge xmlns='urn:ietf:params:xml:ns:xmpp-sasl'>cj01MVp2dXd1NUx4cWlXOVZqbjJVV2FlZTkwOGE1LWRhMjktNDgyNC1iZDVjLTAyMjNlNmQ2Y2Y4ZSxzPVpEYzFNemhrTjJNdE9EQTRaaTAwT1RkaExUa3dZV0V0T0RSalptWTFNR1F6T0dWaixpPTQwOTY=</challenge>"[0m
[38;20m2024-05-23 13:49:16,586 [aiosasl.scram] [DEBUG] pbkdf2 timing: 0.000000 seconds[0m
[38;20m2024-05-23 13:49:16,595 [aiosasl.scram] [DEBUG] response generation time: 0.008998 seconds[0m
[38;20m2024-05-23 13:49:16,595 [aasmanager001.XMLStream] [DEBUG] SENT b'<!-- some bytes omitted -->'[0m
[38;20m2024-05-23 13:49:16,595 [aioopenssl.trace.fd=632] [DEBUG] _write_ready: nothing more to write, removing writer[0m
[38;20m2024-05-23 13:49:16,595 [aasmanager001.XMLStream] [DEBUG] RECV b"<success xmlns='urn:ietf:params:xml:ns:xmpp-sasl'>dj02Z1puUkhTWUY3NGQzbDE1ZENMUHdTZjJaWDg9</success>"[0m
[38;20m2024-05-23 13:49:16,595 [aasmanager001.XMLStream] [DEBUG] SENT b''[0m
[38;20m2024-05-23 13:49:16,595 [aasmanager001.XMLStream] [DEBUG] SENT b'<?xml version="1.0"?><stream:stream xmlns="jabber:client" xmlns:stream="http://etherx.jabber.org/streams" to="worker4" version="1.0">'[0m
[38;20m2024-05-23 13:49:16,595 [aioopenssl.trace.fd=632] [DEBUG] _write_ready: nothing more to write, removing writer[0m
[38;20m2024-05-23 13:49:16,595 [aasmanager001.XMLStream] [DEBUG] RECV b"<?xml version='1.0'?><stream:stream xmlns:stream='http://etherx.jabber.org/streams' xml:lang='en' id='5715ff93-0730-4498-b582-b8ac0f29338b' xmlns='jabber:client' version='1.0' from='worker4'><stream:features><bind xmlns='urn:ietf:params:xml:ns:xmpp-bind'><required/></bind><session xmlns='urn:ietf:params:xml:ns:xmpp-session'><optional/></session><ver xmlns='urn:xmpp:features:rosterver'/><c hash='sha-1' ver='wBlvgkM1+mhpz81eJoge4hYoI0Q=' node='http://prosody.im' xmlns='http://jabber.org/protocol/caps'/></stream:features>"[0m
[38;20m2024-05-23 13:49:16,595 [aasmanager001] [DEBUG] negotiating stream (server_can_do_sm=False)[0m
[38;20m2024-05-23 13:49:16,595 [aioxmpp.callbacks] [DEBUG] connecting <bound method StanzaStream._xmlstream_failed of <aioxmpp.stream.StanzaStream object at 0x00000271D898BF10>> with mode <bound method AdHocSignal.STRONG of <class 'aioxmpp.callbacks.AdHocSignal'>>[0m
[38;20m2024-05-23 13:49:16,595 [aioxmpp.callbacks] [DEBUG] connecting functools.partial(<bound method StanzaStream._xmlstream_soft_limit_tripped of <aioxmpp.stream.StanzaStream object at 0x00000271D898BF10>>, <aioxmpp.protocol.XMLStream object at 0x00000271D8A267A0>) with mode <bound method AdHocSignal.STRONG of <class 'aioxmpp.callbacks.AdHocSignal'>>[0m
[38;20m2024-05-23 13:49:16,595 [aasmanager001.StanzaStream] [DEBUG] broker task started as <Task pending name='Task-7' coro=<StanzaStream._run() running at C:\Python310\lib\site-packages\aioxmpp\stream.py:1990> cb=[StanzaStream._done_handler()]>[0m
[38;20m2024-05-23 13:49:16,604 [aasmanager001] [DEBUG] binding to resource[0m
[38;20m2024-05-23 13:49:16,604 [aasmanager001.StanzaStream] [DEBUG] sending <iq from=None to=None id=':ipN_juTC86huMxawMlG4' type=<IQType.SET: 'set'> data=<aioxmpp.rfc6120.Bind object at 0x00000271D8A25690>> and waiting for it to be sent[0m
[38;20m2024-05-23 13:49:16,604 [aasmanager001.StanzaStream] [DEBUG] enqueued stanza <iq from=None to=None id=':ipN_juTC86huMxawMlG4' type=<IQType.SET: 'set'> data=<aioxmpp.rfc6120.Bind object at 0x00000271D8A25690>> with token <StanzaToken id=0x00000271d8a8d940>[0m
[38;20m2024-05-23 13:49:16,604 [aasmanager001.StanzaStream] [DEBUG] forwarding stanza to xmlstream: <iq from=None to=None id=':ipN_juTC86huMxawMlG4' type=<IQType.SET: 'set'> data=<aioxmpp.rfc6120.Bind object at 0x00000271D8A25690>>[0m
[38;20m2024-05-23 13:49:16,604 [aasmanager001.XMLStream] [DEBUG] SENT b'<iq id=":ipN_juTC86huMxawMlG4" type="set"><bind xmlns="urn:ietf:params:xml:ns:xmpp-bind"/></iq>'[0m
[38;20m2024-05-23 13:49:16,604 [aioopenssl.trace.fd=632] [DEBUG] _write_ready: nothing more to write, removing writer[0m
[38;20m2024-05-23 13:49:16,622 [aasmanager001.XMLStream] [DEBUG] RECV b"<iq type='result' id=':ipN_juTC86huMxawMlG4'><bind xmlns='urn:ietf:params:xml:ns:xmpp-bind'><jid>aasmanager001@worker4/0ve02lVr</jid></bind></iq>"[0m
[38;20m2024-05-23 13:49:16,622 [aasmanager001.StanzaStream] [DEBUG] incoming iq: <iq from=None to=None id=':ipN_juTC86huMxawMlG4' type=<IQType.RESULT: 'result'> data=<aioxmpp.rfc6120.Bind object at 0x00000271D8A264D0>>[0m
[38;20m2024-05-23 13:49:16,622 [aasmanager001.StanzaStream] [DEBUG] iq is response[0m
[38;20m2024-05-23 13:49:16,622 [aasmanager001.StanzaStream] [DEBUG] iq response delivered to key (None, ':ipN_juTC86huMxawMlG4')[0m
[38;20m2024-05-23 13:49:16,622 [aasmanager001] [INFO] bound to jid: aasmanager001@worker4/0ve02lVr[0m
[38;20m2024-05-23 13:49:16,622 [aasmanager001] [DEBUG] skipping optional legacy session negotiation[0m
[38;20m2024-05-23 13:49:16,622 [aasmanager001.StanzaStream] [DEBUG] sending <presence from=None to=None id=':lzJ4N9kPku8wCcNcZi_I' type=<PresenceType.AVAILABLE: None>> and waiting for it to be sent[0m
[38;20m2024-05-23 13:49:16,622 [aasmanager001.StanzaStream] [DEBUG] enqueued stanza <presence from=None to=None id=':lzJ4N9kPku8wCcNcZi_I' type=<PresenceType.AVAILABLE: None>> with token <StanzaToken id=0x00000271d8aa1f30>[0m
[38;20m2024-05-23 13:49:16,622 [aasmanager001.StanzaStream] [DEBUG] forwarding stanza to xmlstream: <presence from=None to=None id=':lzJ4N9kPku8wCcNcZi_I' type=<PresenceType.AVAILABLE: None>>[0m
[38;20m2024-05-23 13:49:16,622 [aasmanager001.XMLStream] [DEBUG] SENT b'<presence id=":lzJ4N9kPku8wCcNcZi_I"/>'[0m
[38;20m2024-05-23 13:49:16,622 [aioopenssl.trace.fd=632] [DEBUG] _write_ready: nothing more to write, removing writer[0m
[38;20m2024-05-23 13:49:16,622 [aioxmpp.roster.service] [DEBUG] requesting initial roster[0m
[38;20m2024-05-23 13:49:16,631 [aioxmpp.roster.service] [DEBUG] requesting incremental updates (old ver = None)[0m
[38;20m2024-05-23 13:49:16,631 [aasmanager001.StanzaStream] [DEBUG] sending <iq from=None to=None id=':lTd-rQdw6Js7l1AMigCo' type=<IQType.GET: 'get'> data=<aioxmpp.roster.xso.Query object at 0x00000271D8A276D0>> and waiting for it to be sent[0m
[38;20m2024-05-23 13:49:16,631 [aasmanager001.StanzaStream] [DEBUG] enqueued stanza <iq from=None to=None id=':lTd-rQdw6Js7l1AMigCo' type=<IQType.GET: 'get'> data=<aioxmpp.roster.xso.Query object at 0x00000271D8A276D0>> with token <StanzaToken id=0x00000271d8aa9c60>[0m
[38;20m2024-05-23 13:49:16,631 [aasmanager001.XMLStream] [DEBUG] RECV b"<presence id=':lzJ4N9kPku8wCcNcZi_I' from='aasmanager001@worker4/0ve02lVr'><x xmlns='vcard-temp:x:update'><photo/></x></presence>"[0m
[38;20m2024-05-23 13:49:16,631 [aasmanager001.StanzaStream] [DEBUG] forwarding stanza to xmlstream: <iq from=None to=None id=':lTd-rQdw6Js7l1AMigCo' type=<IQType.GET: 'get'> data=<aioxmpp.roster.xso.Query object at 0x00000271D8A276D0>>[0m
[38;20m2024-05-23 13:49:16,631 [aasmanager001.XMLStream] [DEBUG] SENT b'<iq id=":lTd-rQdw6Js7l1AMigCo" type="get"><query xmlns="jabber:iq:roster"/></iq>'[0m
[38;20m2024-05-23 13:49:16,631 [aasmanager001.StanzaStream] [DEBUG] incoming presence: <presence from='aasmanager001@worker4/0ve02lVr' to=None id=':lzJ4N9kPku8wCcNcZi_I' type=<PresenceType.AVAILABLE: None>>[0m
[38;20m2024-05-23 13:49:16,631 [aioopenssl.trace.fd=632] [DEBUG] _write_ready: nothing more to write, removing writer[0m
[38;20m2024-05-23 13:49:16,631 [aasmanager001.XMLStream] [DEBUG] RECV b"<iq type='result' id=':lTd-rQdw6Js7l1AMigCo' to='aasmanager001@worker4/0ve02lVr'><query ver='1' xmlns='jabber:iq:roster'/></iq>"[0m
[38;20m2024-05-23 13:49:16,640 [aasmanager001.StanzaStream] [DEBUG] incoming iq: <iq from=None to='aasmanager001@worker4/0ve02lVr' id=':lTd-rQdw6Js7l1AMigCo' type=<IQType.RESULT: 'result'> data=<aioxmpp.roster.xso.Query object at 0x00000271D8A27160>>[0m
[38;20m2024-05-23 13:49:16,640 [aasmanager001.StanzaStream] [DEBUG] iq is response[0m
[38;20m2024-05-23 13:49:16,640 [aasmanager001.StanzaStream] [DEBUG] iq response delivered to key (None, ':lTd-rQdw6Js7l1AMigCo')[0m
[38;20m2024-05-23 13:49:16,640 [aioxmpp.roster.service] [DEBUG] roster update received (new ver = 1)[0m
[38;20m2024-05-23 13:49:16,640 [aioxmpp.roster.service] [DEBUG] jids dropped: set()[0m
[38;20m2024-05-23 13:49:16,640 [aioxmpp.roster.service] [DEBUG] jids updated: set()[0m
[38;20m2024-05-23 13:49:16,640 [spade.Agent] [INFO] Agent aasmanager001@worker4 connected and authenticated.[0m
[38;20m2024-05-23 13:49:21,436 [agents.AASManagerAgent] [INFO] aasmanager001@worker4 setup finished correctly.[0m
[38;20m2024-05-23 13:49:23,239 [agents.AASManagerAgent] [WARNING] aasmanager001@worker4 setup finished with warning.[0m
[38;20m2024-05-23 13:49:23,553 [agents.AASManagerAgent] [ERROR] aasmanager001@worker4 setup finished with error.[0m
[38;20m2024-05-23 13:49:24,142 [agents.AASManagerAgent] [DEBUG] aasmanager001@worker4 setup finished with debug.[0m
[38;20m2024-05-23 13:49:28,500 [SPADE] [WARNING] Keyboard interrupt received. Stopping SPADE...[0m
[38;20m2024-05-23 13:49:28,500 [aasmanager001] [INFO] client shutting down (on request)[0m
[38;20m2024-05-23 13:49:28,500 [aioopenssl.trace.fd=632] [DEBUG] _write_ready: nothing more to write, removing writer[0m
[38;20m2024-05-23 13:49:28,500 [aasmanager001.StanzaStream] [DEBUG] sending stop signal to task[0m
[38;20m2024-05-23 13:49:28,500 [aasmanager001.StanzaStream] [DEBUG] task terminating, rescuing stanzas and clearing handlers[0m
[38;20m2024-05-23 13:49:28,500 [aasmanager001.StanzaStream] [DEBUG] draining incoming queue[0m
[38;20m2024-05-23 13:49:28,500 [aasmanager001.StanzaStream] [DEBUG] destroying stream state (exc=DestructionRequested('close() or stop() called and stream is not resumable'))[0m
[38;20m2024-05-23 13:49:28,500 [aasmanager001.XMLStream] [DEBUG] RECV b'</stream:stream>'[0m
[38;20m2024-05-23 13:49:28,500 [aioopenssl.trace.fd=632] [DEBUG] _tls_do_shutdown called[0m
[38;20m2024-05-23 13:49:28,500 [aioopenssl.trace.fd=632] [DEBUG] clearing readers/writers[0m
[38;20m2024-05-23 13:49:28,500 [aioopenssl.trace.fd=632] [DEBUG] clearing readers/writers[0m
[38;20m2024-05-23 13:49:28,500 [aioopenssl.trace.fd=632] [DEBUG] _force_close called[0m
[38;20m2024-05-23 13:49:28,500 [aioopenssl.trace.fd=632] [DEBUG] clearing readers/writers[0m
[38;20m2024-05-23 13:49:28,500 [aasmanager001.StanzaStream] [DEBUG] destroying stream state (exc=DestructionRequested('close() called'))[0m
[38;20m2024-05-23 13:49:28,500 [aasmanager001] [INFO] stopping stream[0m
[38;20m2024-05-23 13:49:28,509 [SPADE] [DEBUG] Loop closed[0m
[38;20m2024-05-23 19:20:07,210 [aioxmpp.node] [WARNING] connection failed: [Errno 11001] getaddrinfo failed[0m
[38;20m2024-05-23 19:20:07,213 [SPADE] [ERROR] Exception in the event loop: failed to connect to XMPP domain 'worker4': multiple errors: [Errno 11001] getaddrinfo failed[0m
[31;1m2024-05-23 19:21:11,049 [aioxmpp.node] [WARNING] connection failed: [Errno 11001] getaddrinfo failed[0m
[31;1m2024-05-23 19:21:11,052 [SPADE] [ERROR] Exception in the event loop: failed to connect to XMPP domain 'worker4': multiple errors: [Errno 11001] getaddrinfo failed[0m
[38;20m2024-05-23 19:21:37,827 [aioxmpp.node] [WARNING] connection failed: [Errno 11001] getaddrinfo failed[0m
[38;20m2024-05-23 19:21:37,827 [SPADE] [ERROR] Exception in the event loop: failed to connect to XMPP domain 'worker4': multiple errors: [Errno 11001] getaddrinfo failed[0m
[33;20m2024-05-23 19:21:52,792 [aioxmpp.node] [WARNING] connection failed: [Errno 11001] getaddrinfo failed[0m
[33;20m2024-05-23 19:21:52,792 [SPADE] [ERROR] Exception in the event loop: failed to connect to XMPP domain 'worker4': multiple errors: [Errno 11001] getaddrinfo failed[0m
[0m2024-05-23 19:22:14,473 [aioxmpp.node] [WARNING] connection failed: [Errno 11001] getaddrinfo failed[0m
[0m2024-05-23 19:22:14,477 [SPADE] [ERROR] Exception in the event loop: failed to connect to XMPP domain 'worker4': multiple errors: [Errno 11001] getaddrinfo failed[0m
[31;20m2024-05-23 19:22:37,449 [aioxmpp.node] [WARNING] connection failed: [Errno 11001] getaddrinfo failed[0m
[31;20m2024-05-23 19:22:37,452 [SPADE] [ERROR] Exception in the event loop: failed to connect to XMPP domain 'worker4': multiple errors: [Errno 11001] getaddrinfo failed[0m
[33;20m2024-05-23 19:22:59,246 [aioxmpp.node] [WARNING] connection failed: [Errno 11001] getaddrinfo failed[0m
[33;20m2024-05-23 19:22:59,249 [SPADE] [ERROR] Exception in the event loop: failed to connect to XMPP domain 'worker4': multiple errors: [Errno 11001] getaddrinfo failed[0m
[34;20m2024-05-23 19:23:10,734 [aioxmpp.node] [WARNING] connection failed: [Errno 11001] getaddrinfo failed[0m
[34;20m2024-05-23 19:23:10,736 [SPADE] [ERROR] Exception in the event loop: failed to connect to XMPP domain 'worker4': multiple errors: [Errno 11001] getaddrinfo failed[0m
[35;20m2024-05-23 19:23:26,401 [aioxmpp.node] [WARNING] connection failed: [Errno 11001] getaddrinfo failed[0m
[35;20m2024-05-23 19:23:26,404 [SPADE] [ERROR] Exception in the event loop: failed to connect to XMPP domain 'worker4': multiple errors: [Errno 11001] getaddrinfo failed[0m
[36;20m2024-05-23 19:23:38,834 [aioxmpp.node] [WARNING] connection failed: [Errno 11001] getaddrinfo failed[0m
[36;20m2024-05-23 19:23:38,834 [SPADE] [ERROR] Exception in the event loop: failed to connect to XMPP domain 'worker4': multiple errors: [Errno 11001] getaddrinfo failed[0m
[37;20m2024-05-23 19:23:54,520 [aioxmpp.node] [WARNING] connection failed: [Errno 11001] getaddrinfo failed[0m
[37;20m2024-05-23 19:23:54,524 [SPADE] [ERROR] Exception in the event loop: failed to connect to XMPP domain 'worker4': multiple errors: [Errno 11001] getaddrinfo failed[0m
[36;20m2024-05-23 19:24:18,249 [aioxmpp.node] [WARNING] connection failed: [Errno 11001] getaddrinfo failed
[36;20m2024-05-23 19:24:18,253 [SPADE] [ERROR] Exception in the event loop: failed to connect to XMPP domain 'worker4': multiple errors: [Errno 11001] getaddrinfo failed
[36;20m2024-05-23 19:57:47,412 [aioxmpp.node] [WARNING] connection failed: [Errno 11001] getaddrinfo failed
[36;20m2024-05-23 19:57:47,417 [SPADE] [ERROR] Exception in the event loop: failed to connect to XMPP domain 'worker4': multiple errors: [Errno 11001] getaddrinfo failed
[36;20m2024-05-23 20:07:22,797 [asyncio] [DEBUG] Using selector: SelectSelector
[36;20m2024-05-23 20:07:22,913 [aioxmpp.node] [DEBUG] no SRV records found for worker4, falling back
[36;20m2024-05-23 20:07:22,913 [aioxmpp.node] [DEBUG] domain worker4: trying to connect to 'worker4':5222 using <aioxmpp.connector.STARTTLSConnector object at 0x0000024DE1B84A90>
[36;20m2024-05-23 20:07:22,913 [aioxmpp.callbacks] [DEBUG] connecting <bound method XMLStream._deadtime_hard_limit_triggered of <aioxmpp.protocol.XMLStream object at 0x0000024DE1B85510>> with mode <bound method AdHocSignal.STRONG of <class 'aioxmpp.callbacks.AdHocSignal'>>
[36;20m2024-05-23 20:07:22,913 [aioxmpp.callbacks] [DEBUG] connecting <aioxmpp.callbacks.AdHocSignal object at 0x0000024DE1B859F0> with mode <bound method AdHocSignal.STRONG of <class 'aioxmpp.callbacks.AdHocSignal'>>
[36;20m2024-05-23 20:07:30,171 [aioxmpp.node] [WARNING] connection failed: [Errno 11001] getaddrinfo failed
[36;20m2024-05-23 20:07:30,171 [SPADE] [ERROR] Exception in the event loop: failed to connect to XMPP domain 'worker4': multiple errors: [Errno 11001] getaddrinfo failed
[36;20m2024-05-23 20:07:30,174 [SPADE] [DEBUG] Loop closed
